<?xml version="1.0" encoding="UTF-8"?>
<TestRun id="11e6e076-72e1-436b-9022-e037a122c3be" name="cfc@CFC-WINDOWS 2012-01-12 11:48:27" runUser="cfc-windows\cfc" xmlns="http://microsoft.com/schemas/VisualStudio/TeamTest/2010">
  <TestSettings name="Local" id="3b9a82e3-15c7-45ac-8b63-b7c16f2f4f55">
    <Description>These are default test settings for a local test run.</Description>
    <Deployment enabled="false" runDeploymentRoot="cfc_CFC-WINDOWS 2012-01-12 11_48_27">
      <DeploymentItem filename="C:\Projects\Sistema-de-vendas\Sistema-de-vendas\bin\Debug\Sistema-de-vendas.exe" />
    </Deployment>
    <Execution>
      <TestTypeSpecific />
      <AgentRule name="Execution Agents">
      </AgentRule>
    </Execution>
  </TestSettings>
  <Times creation="2012-01-12T11:48:27.6631866-02:00" queuing="2012-01-12T11:48:27.6711870-02:00" start="2012-01-12T11:48:27.7121894-02:00" finish="2012-01-12T11:48:28.3982286-02:00" />
  <ResultSummary outcome="Failed">
    <Counters total="3" executed="3" passed="1" error="0" failed="2" timeout="0" aborted="0" inconclusive="0" passedButRunAborted="0" notRunnable="0" notExecuted="0" disconnected="0" warning="0" completed="0" inProgress="0" pending="0" />
  </ResultSummary>
  <TestDefinitions>
    <UnitTest name="Test_Venda_de_2000_retorna_comissao_de_100" storage="c:\projects\sistema-de-vendas\vendasunittest\bin\debug\vendasunittest.dll" id="7bce876f-5d74-544e-639c-82b06b7ac400">
      <Execution id="b92b1834-9fd0-4b33-acdd-64cf3d077d62" />
      <TestMethod codeBase="C:/Projects/Sistema-de-vendas/VendasUnitTest/bin/Debug/VendasUnitTest.DLL" adapterTypeName="Microsoft.VisualStudio.TestTools.TestTypes.Unit.UnitTestAdapter, Microsoft.VisualStudio.QualityTools.Tips.UnitTest.Adapter, Version=10.0.0.0, Culture=neutral, PublicKeyToken=b03f5f7f11d50a3a" className="VendasUnitTest.CalculoComissaoTest, VendasUnitTest, Version=1.0.0.0, Culture=neutral, PublicKeyToken=null" name="Test_Venda_de_2000_retorna_comissao_de_100" />
    </UnitTest>
    <UnitTest name="Test_Venda_de_10000_retorna_comissao_de_600" storage="c:\projects\sistema-de-vendas\vendasunittest\bin\debug\vendasunittest.dll" id="9c30f1c4-d5a3-be7f-3680-7a90a818e870">
      <Execution id="4bc71c69-362c-44f3-bfa6-31575716e53b" />
      <TestMethod codeBase="C:/Projects/Sistema-de-vendas/VendasUnitTest/bin/Debug/VendasUnitTest.DLL" adapterTypeName="Microsoft.VisualStudio.TestTools.TestTypes.Unit.UnitTestAdapter, Microsoft.VisualStudio.QualityTools.Tips.UnitTest.Adapter, Version=10.0.0.0, Culture=neutral, PublicKeyToken=b03f5f7f11d50a3a" className="VendasUnitTest.CalculoComissaoTest, VendasUnitTest, Version=1.0.0.0, Culture=neutral, PublicKeyToken=null" name="Test_Venda_de_10000_retorna_comissao_de_600" />
    </UnitTest>
    <UnitTest name="Test_Venda_de_1000_retorna_comissao_de_50" storage="c:\projects\sistema-de-vendas\vendasunittest\bin\debug\vendasunittest.dll" id="c79919c6-9868-1b25-3728-8a3df4942894">
      <Execution id="0319f20d-ad2d-4269-ad73-76d11616da13" />
      <TestMethod codeBase="C:/Projects/Sistema-de-vendas/VendasUnitTest/bin/Debug/VendasUnitTest.DLL" adapterTypeName="Microsoft.VisualStudio.TestTools.TestTypes.Unit.UnitTestAdapter, Microsoft.VisualStudio.QualityTools.Tips.UnitTest.Adapter, Version=10.0.0.0, Culture=neutral, PublicKeyToken=b03f5f7f11d50a3a" className="VendasUnitTest.CalculoComissaoTest, VendasUnitTest, Version=1.0.0.0, Culture=neutral, PublicKeyToken=null" name="Test_Venda_de_1000_retorna_comissao_de_50" />
    </UnitTest>
  </TestDefinitions>
  <TestLists>
    <TestList name="Results Not in a List" id="8c84fa94-04c1-424b-9868-57a2d4851a1d" />
    <TestList name="All Loaded Results" id="19431567-8539-422a-85d7-44ee4e166bda" />
  </TestLists>
  <TestEntries>
    <TestEntry testId="7bce876f-5d74-544e-639c-82b06b7ac400" executionId="b92b1834-9fd0-4b33-acdd-64cf3d077d62" testListId="8c84fa94-04c1-424b-9868-57a2d4851a1d" />
    <TestEntry testId="9c30f1c4-d5a3-be7f-3680-7a90a818e870" executionId="4bc71c69-362c-44f3-bfa6-31575716e53b" testListId="8c84fa94-04c1-424b-9868-57a2d4851a1d" />
    <TestEntry testId="c79919c6-9868-1b25-3728-8a3df4942894" executionId="0319f20d-ad2d-4269-ad73-76d11616da13" testListId="8c84fa94-04c1-424b-9868-57a2d4851a1d" />
  </TestEntries>
  <Results>
    <UnitTestResult executionId="b92b1834-9fd0-4b33-acdd-64cf3d077d62" testId="7bce876f-5d74-544e-639c-82b06b7ac400" testName="Test_Venda_de_2000_retorna_comissao_de_100" computerName="CFC-WINDOWS" duration="00:00:00.0475368" startTime="2012-01-12T11:48:27.7151895-02:00" endTime="2012-01-12T11:48:27.9682040-02:00" testType="13cdc9d9-ddb5-4fa4-a97d-d965ccfc6d4b" outcome="Failed" testListId="8c84fa94-04c1-424b-9868-57a2d4851a1d" relativeResultsDirectory="b92b1834-9fd0-4b33-acdd-64cf3d077d62">
      <Output>
        <ErrorInfo>
          <Message>Assert.AreEqual failed. Expected:&lt;100&gt;. Actual:&lt;120&gt;. </Message>
          <StackTrace>   em VendasUnitTest.CalculoComissaoTest.Test_Venda_de_2000_retorna_comissao_de_100() na C:\Projects\Sistema-de-vendas\VendasUnitTest\CalculoComissaoTest.cs:linha 31
</StackTrace>
        </ErrorInfo>
      </Output>
    </UnitTestResult>
    <UnitTestResult executionId="4bc71c69-362c-44f3-bfa6-31575716e53b" testId="9c30f1c4-d5a3-be7f-3680-7a90a818e870" testName="Test_Venda_de_10000_retorna_comissao_de_600" computerName="CFC-WINDOWS" duration="00:00:00.0002508" startTime="2012-01-12T11:48:27.9692041-02:00" endTime="2012-01-12T11:48:27.9752044-02:00" testType="13cdc9d9-ddb5-4fa4-a97d-d965ccfc6d4b" outcome="Passed" testListId="8c84fa94-04c1-424b-9868-57a2d4851a1d" relativeResultsDirectory="4bc71c69-362c-44f3-bfa6-31575716e53b">
    </UnitTestResult>
    <UnitTestResult executionId="0319f20d-ad2d-4269-ad73-76d11616da13" testId="c79919c6-9868-1b25-3728-8a3df4942894" testName="Test_Venda_de_1000_retorna_comissao_de_50" computerName="CFC-WINDOWS" duration="00:00:00.0014721" startTime="2012-01-12T11:48:27.9762045-02:00" endTime="2012-01-12T11:48:27.9832049-02:00" testType="13cdc9d9-ddb5-4fa4-a97d-d965ccfc6d4b" outcome="Failed" testListId="8c84fa94-04c1-424b-9868-57a2d4851a1d" relativeResultsDirectory="0319f20d-ad2d-4269-ad73-76d11616da13">
      <Output>
        <ErrorInfo>
          <Message>Assert.AreEqual failed. Expected:&lt;50&gt;. Actual:&lt;60&gt;. </Message>
          <StackTrace>   em VendasUnitTest.CalculoComissaoTest.Test_Venda_de_1000_retorna_comissao_de_50() na C:\Projects\Sistema-de-vendas\VendasUnitTest\CalculoComissaoTest.cs:linha 21
</StackTrace>
        </ErrorInfo>
      </Output>
    </UnitTestResult>
  </Results>
</TestRun>