<?xml version="1.0" encoding="UTF-8"?>
<TestRun id="370a85ea-9071-4630-a743-a274dc9aa6fc" name="cfc@CFC-WINDOWS 2012-01-12 10:57:24" runUser="cfc-windows\cfc" xmlns="http://microsoft.com/schemas/VisualStudio/TeamTest/2010">
  <TestSettings name="Local" id="3b9a82e3-15c7-45ac-8b63-b7c16f2f4f55">
    <Description>These are default test settings for a local test run.</Description>
    <Deployment enabled="false" runDeploymentRoot="cfc_CFC-WINDOWS 2012-01-12 10_57_24">
      <DeploymentItem filename="C:\Projects\Sistema-de-vendas\Sistema-de-vendas\bin\Debug\Sistema-de-vendas.exe" />
    </Deployment>
    <Execution>
      <TestTypeSpecific />
      <AgentRule name="Execution Agents">
      </AgentRule>
    </Execution>
  </TestSettings>
  <Times creation="2012-01-12T10:57:24.0869600-02:00" queuing="2012-01-12T10:57:24.0939604-02:00" start="2012-01-12T10:57:24.1179618-02:00" finish="2012-01-12T10:57:24.4439805-02:00" />
  <ResultSummary outcome="Failed">
    <Counters total="1" executed="1" error="0" failed="1" timeout="0" aborted="0" inconclusive="0" passedButRunAborted="0" notRunnable="0" notExecuted="0" disconnected="0" warning="0" passed="0" completed="0" inProgress="0" pending="0" />
  </ResultSummary>
  <TestDefinitions>
    <UnitTest name="Test_Venda_de_1000_retorna_comissao_de_50" storage="c:\projects\sistema-de-vendas\vendasunittest\bin\debug\vendasunittest.dll" id="c79919c6-9868-1b25-3728-8a3df4942894">
      <Execution id="bdecf277-534b-4baf-b53b-c8393480f58a" />
      <TestMethod codeBase="C:/Projects/Sistema-de-vendas/VendasUnitTest/bin/Debug/VendasUnitTest.DLL" adapterTypeName="Microsoft.VisualStudio.TestTools.TestTypes.Unit.UnitTestAdapter, Microsoft.VisualStudio.QualityTools.Tips.UnitTest.Adapter, Version=10.0.0.0, Culture=neutral, PublicKeyToken=b03f5f7f11d50a3a" className="VendasUnitTest.CalculoComissaoTest, VendasUnitTest, Version=1.0.0.0, Culture=neutral, PublicKeyToken=null" name="Test_Venda_de_1000_retorna_comissao_de_50" />
    </UnitTest>
  </TestDefinitions>
  <TestLists>
    <TestList name="Results Not in a List" id="8c84fa94-04c1-424b-9868-57a2d4851a1d" />
    <TestList name="All Loaded Results" id="19431567-8539-422a-85d7-44ee4e166bda" />
  </TestLists>
  <TestEntries>
    <TestEntry testId="c79919c6-9868-1b25-3728-8a3df4942894" executionId="bdecf277-534b-4baf-b53b-c8393480f58a" testListId="8c84fa94-04c1-424b-9868-57a2d4851a1d" />
  </TestEntries>
  <Results>
    <UnitTestResult executionId="bdecf277-534b-4baf-b53b-c8393480f58a" testId="c79919c6-9868-1b25-3728-8a3df4942894" testName="Test_Venda_de_1000_retorna_comissao_de_50" computerName="CFC-WINDOWS" duration="00:00:00.0732711" startTime="2012-01-12T10:57:24.1279624-02:00" endTime="2012-01-12T10:57:24.4269795-02:00" testType="13cdc9d9-ddb5-4fa4-a97d-d965ccfc6d4b" outcome="Failed" testListId="8c84fa94-04c1-424b-9868-57a2d4851a1d" relativeResultsDirectory="bdecf277-534b-4baf-b53b-c8393480f58a">
      <Output>
        <ErrorInfo>
          <Message>Assert.Fail failed. Assert.Equals should not be used for Assertions. Please use Assert.AreEqual &amp; overloads instead.</Message>
          <StackTrace>   em VendasUnitTest.CalculoComissaoTest.Test_Venda_de_1000_retorna_comissao_de_50() na C:\Projects\Sistema-de-vendas\VendasUnitTest\CalculoComissaoTest.cs:linha 21
</StackTrace>
        </ErrorInfo>
      </Output>
    </UnitTestResult>
  </Results>
</TestRun>