<?xml version="1.0" encoding="UTF-8"?>
<TestRun id="5bc65d27-81b4-40fd-8999-c277c7a3d983" name="cfc@CFC-WINDOWS 2012-01-12 11:46:50" runUser="cfc-windows\cfc" xmlns="http://microsoft.com/schemas/VisualStudio/TeamTest/2010">
  <TestSettings name="Local" id="3b9a82e3-15c7-45ac-8b63-b7c16f2f4f55">
    <Description>These are default test settings for a local test run.</Description>
    <Deployment enabled="false" runDeploymentRoot="cfc_CFC-WINDOWS 2012-01-12 11_46_50">
      <DeploymentItem filename="C:\Projects\Sistema-de-vendas\Sistema-de-vendas\bin\Debug\Sistema-de-vendas.exe" />
    </Deployment>
    <Execution>
      <TestTypeSpecific />
      <AgentRule name="Execution Agents">
      </AgentRule>
    </Execution>
  </TestSettings>
  <Times creation="2012-01-12T11:46:50.6486377-02:00" queuing="2012-01-12T11:46:50.6566381-02:00" start="2012-01-12T11:46:50.7036408-02:00" finish="2012-01-12T11:46:51.3796795-02:00" />
  <ResultSummary outcome="Failed">
    <Counters total="1" executed="1" error="0" failed="1" timeout="0" aborted="0" inconclusive="0" passedButRunAborted="0" notRunnable="0" notExecuted="0" disconnected="0" warning="0" passed="0" completed="0" inProgress="0" pending="0" />
  </ResultSummary>
  <TestDefinitions>
    <UnitTest name="Test_Venda_de_10000_retorna_comissao_de_600" storage="c:\projects\sistema-de-vendas\vendasunittest\bin\debug\vendasunittest.dll" id="9c30f1c4-d5a3-be7f-3680-7a90a818e870">
      <Execution id="7ca7ddb1-ee5d-4aa5-af07-b55bf7276866" />
      <TestMethod codeBase="C:/Projects/Sistema-de-vendas/VendasUnitTest/bin/Debug/VendasUnitTest.DLL" adapterTypeName="Microsoft.VisualStudio.TestTools.TestTypes.Unit.UnitTestAdapter, Microsoft.VisualStudio.QualityTools.Tips.UnitTest.Adapter, Version=10.0.0.0, Culture=neutral, PublicKeyToken=b03f5f7f11d50a3a" className="VendasUnitTest.CalculoComissaoTest, VendasUnitTest, Version=1.0.0.0, Culture=neutral, PublicKeyToken=null" name="Test_Venda_de_10000_retorna_comissao_de_600" />
    </UnitTest>
  </TestDefinitions>
  <TestLists>
    <TestList name="Results Not in a List" id="8c84fa94-04c1-424b-9868-57a2d4851a1d" />
    <TestList name="All Loaded Results" id="19431567-8539-422a-85d7-44ee4e166bda" />
  </TestLists>
  <TestEntries>
    <TestEntry testId="9c30f1c4-d5a3-be7f-3680-7a90a818e870" executionId="7ca7ddb1-ee5d-4aa5-af07-b55bf7276866" testListId="8c84fa94-04c1-424b-9868-57a2d4851a1d" />
  </TestEntries>
  <Results>
    <UnitTestResult executionId="7ca7ddb1-ee5d-4aa5-af07-b55bf7276866" testId="9c30f1c4-d5a3-be7f-3680-7a90a818e870" testName="Test_Venda_de_10000_retorna_comissao_de_600" computerName="CFC-WINDOWS" duration="00:00:00.0356636" startTime="2012-01-12T11:46:50.7106412-02:00" endTime="2012-01-12T11:46:50.9576553-02:00" testType="13cdc9d9-ddb5-4fa4-a97d-d965ccfc6d4b" outcome="Failed" testListId="8c84fa94-04c1-424b-9868-57a2d4851a1d" relativeResultsDirectory="7ca7ddb1-ee5d-4aa5-af07-b55bf7276866">
      <Output>
        <ErrorInfo>
          <Message>Assert.AreEqual failed. Expected:&lt;600&gt;. Actual:&lt;0&gt;. </Message>
          <StackTrace>   em VendasUnitTest.CalculoComissaoTest.Test_Venda_de_10000_retorna_comissao_de_600() na C:\Projects\Sistema-de-vendas\VendasUnitTest\CalculoComissaoTest.cs:linha 41
</StackTrace>
        </ErrorInfo>
      </Output>
    </UnitTestResult>
  </Results>
</TestRun>