<?xml version="1.0" encoding="UTF-8"?>
<TestRun id="f7c58090-a1bd-46aa-a65f-b443a18f57f8" name="cfc@CFC-WINDOWS 2012-01-12 11:52:06" runUser="cfc-windows\cfc" xmlns="http://microsoft.com/schemas/VisualStudio/TeamTest/2010">
  <TestSettings name="Local" id="3b9a82e3-15c7-45ac-8b63-b7c16f2f4f55">
    <Description>These are default test settings for a local test run.</Description>
    <Deployment enabled="false" runDeploymentRoot="cfc_CFC-WINDOWS 2012-01-12 11_52_06">
      <DeploymentItem filename="C:\Projects\Sistema-de-vendas\Sistema-de-vendas\bin\Debug\Sistema-de-vendas.exe" />
    </Deployment>
    <Execution>
      <TestTypeSpecific />
      <AgentRule name="Execution Agents">
      </AgentRule>
    </Execution>
  </TestSettings>
  <Times creation="2012-01-12T11:52:06.2336881-02:00" queuing="2012-01-12T11:52:06.2416885-02:00" start="2012-01-12T11:52:06.2936915-02:00" finish="2012-01-12T11:52:06.8937258-02:00" />
  <ResultSummary outcome="Failed">
    <Counters total="4" executed="4" passed="3" error="0" failed="1" timeout="0" aborted="0" inconclusive="0" passedButRunAborted="0" notRunnable="0" notExecuted="0" disconnected="0" warning="0" completed="0" inProgress="0" pending="0" />
  </ResultSummary>
  <TestDefinitions>
    <UnitTest name="Test_Venda_de_2000_retorna_comissao_de_100" storage="c:\projects\sistema-de-vendas\vendasunittest\bin\debug\vendasunittest.dll" id="7bce876f-5d74-544e-639c-82b06b7ac400">
      <Execution id="9aa4876d-dc70-4d7b-84df-fef52777a703" />
      <TestMethod codeBase="C:/Projects/Sistema-de-vendas/VendasUnitTest/bin/Debug/VendasUnitTest.DLL" adapterTypeName="Microsoft.VisualStudio.TestTools.TestTypes.Unit.UnitTestAdapter, Microsoft.VisualStudio.QualityTools.Tips.UnitTest.Adapter, Version=10.0.0.0, Culture=neutral, PublicKeyToken=b03f5f7f11d50a3a" className="VendasUnitTest.CalculoComissaoTest, VendasUnitTest, Version=1.0.0.0, Culture=neutral, PublicKeyToken=null" name="Test_Venda_de_2000_retorna_comissao_de_100" />
    </UnitTest>
    <UnitTest name="Test_Venda_de_10000_retorna_comissao_de_600" storage="c:\projects\sistema-de-vendas\vendasunittest\bin\debug\vendasunittest.dll" id="9c30f1c4-d5a3-be7f-3680-7a90a818e870">
      <Execution id="badf80f8-5d71-4702-b848-68b2bf259256" />
      <TestMethod codeBase="C:/Projects/Sistema-de-vendas/VendasUnitTest/bin/Debug/VendasUnitTest.DLL" adapterTypeName="Microsoft.VisualStudio.TestTools.TestTypes.Unit.UnitTestAdapter, Microsoft.VisualStudio.QualityTools.Tips.UnitTest.Adapter, Version=10.0.0.0, Culture=neutral, PublicKeyToken=b03f5f7f11d50a3a" className="VendasUnitTest.CalculoComissaoTest, VendasUnitTest, Version=1.0.0.0, Culture=neutral, PublicKeyToken=null" name="Test_Venda_de_10000_retorna_comissao_de_600" />
    </UnitTest>
    <UnitTest name="Test_Venda_de_1000_retorna_comissao_de_50" storage="c:\projects\sistema-de-vendas\vendasunittest\bin\debug\vendasunittest.dll" id="c79919c6-9868-1b25-3728-8a3df4942894">
      <Execution id="60540217-b49c-4a1d-9461-b94f74707779" />
      <TestMethod codeBase="C:/Projects/Sistema-de-vendas/VendasUnitTest/bin/Debug/VendasUnitTest.DLL" adapterTypeName="Microsoft.VisualStudio.TestTools.TestTypes.Unit.UnitTestAdapter, Microsoft.VisualStudio.QualityTools.Tips.UnitTest.Adapter, Version=10.0.0.0, Culture=neutral, PublicKeyToken=b03f5f7f11d50a3a" className="VendasUnitTest.CalculoComissaoTest, VendasUnitTest, Version=1.0.0.0, Culture=neutral, PublicKeyToken=null" name="Test_Venda_de_1000_retorna_comissao_de_50" />
    </UnitTest>
    <UnitTest name="Test_Venda_de_77_99_retorna_comissao_de_3_89" storage="c:\projects\sistema-de-vendas\vendasunittest\bin\debug\vendasunittest.dll" id="d7285096-9698-eead-77a0-51451a380bcf">
      <Execution id="8bb0e9e9-c0f5-4d1c-9c5a-01f4172f7553" />
      <TestMethod codeBase="C:/Projects/Sistema-de-vendas/VendasUnitTest/bin/Debug/VendasUnitTest.DLL" adapterTypeName="Microsoft.VisualStudio.TestTools.TestTypes.Unit.UnitTestAdapter, Microsoft.VisualStudio.QualityTools.Tips.UnitTest.Adapter, Version=10.0.0.0, Culture=neutral, PublicKeyToken=b03f5f7f11d50a3a" className="VendasUnitTest.CalculoComissaoTest, VendasUnitTest, Version=1.0.0.0, Culture=neutral, PublicKeyToken=null" name="Test_Venda_de_77_99_retorna_comissao_de_3_89" />
    </UnitTest>
  </TestDefinitions>
  <TestLists>
    <TestList name="Results Not in a List" id="8c84fa94-04c1-424b-9868-57a2d4851a1d" />
    <TestList name="All Loaded Results" id="19431567-8539-422a-85d7-44ee4e166bda" />
  </TestLists>
  <TestEntries>
    <TestEntry testId="7bce876f-5d74-544e-639c-82b06b7ac400" executionId="9aa4876d-dc70-4d7b-84df-fef52777a703" testListId="8c84fa94-04c1-424b-9868-57a2d4851a1d" />
    <TestEntry testId="9c30f1c4-d5a3-be7f-3680-7a90a818e870" executionId="badf80f8-5d71-4702-b848-68b2bf259256" testListId="8c84fa94-04c1-424b-9868-57a2d4851a1d" />
    <TestEntry testId="c79919c6-9868-1b25-3728-8a3df4942894" executionId="60540217-b49c-4a1d-9461-b94f74707779" testListId="8c84fa94-04c1-424b-9868-57a2d4851a1d" />
    <TestEntry testId="d7285096-9698-eead-77a0-51451a380bcf" executionId="8bb0e9e9-c0f5-4d1c-9c5a-01f4172f7553" testListId="8c84fa94-04c1-424b-9868-57a2d4851a1d" />
  </TestEntries>
  <Results>
    <UnitTestResult executionId="9aa4876d-dc70-4d7b-84df-fef52777a703" testId="7bce876f-5d74-544e-639c-82b06b7ac400" testName="Test_Venda_de_2000_retorna_comissao_de_100" computerName="CFC-WINDOWS" duration="00:00:00.0142517" startTime="2012-01-12T11:52:06.2876912-02:00" endTime="2012-01-12T11:52:06.5257048-02:00" testType="13cdc9d9-ddb5-4fa4-a97d-d965ccfc6d4b" outcome="Passed" testListId="8c84fa94-04c1-424b-9868-57a2d4851a1d" relativeResultsDirectory="9aa4876d-dc70-4d7b-84df-fef52777a703">
    </UnitTestResult>
    <UnitTestResult executionId="badf80f8-5d71-4702-b848-68b2bf259256" testId="9c30f1c4-d5a3-be7f-3680-7a90a818e870" testName="Test_Venda_de_10000_retorna_comissao_de_600" computerName="CFC-WINDOWS" duration="00:00:00.0002483" startTime="2012-01-12T11:52:06.5267049-02:00" endTime="2012-01-12T11:52:06.5317051-02:00" testType="13cdc9d9-ddb5-4fa4-a97d-d965ccfc6d4b" outcome="Passed" testListId="8c84fa94-04c1-424b-9868-57a2d4851a1d" relativeResultsDirectory="badf80f8-5d71-4702-b848-68b2bf259256">
    </UnitTestResult>
    <UnitTestResult executionId="60540217-b49c-4a1d-9461-b94f74707779" testId="c79919c6-9868-1b25-3728-8a3df4942894" testName="Test_Venda_de_1000_retorna_comissao_de_50" computerName="CFC-WINDOWS" duration="00:00:00.0003213" startTime="2012-01-12T11:52:06.5337053-02:00" endTime="2012-01-12T11:52:06.5397056-02:00" testType="13cdc9d9-ddb5-4fa4-a97d-d965ccfc6d4b" outcome="Passed" testListId="8c84fa94-04c1-424b-9868-57a2d4851a1d" relativeResultsDirectory="60540217-b49c-4a1d-9461-b94f74707779">
    </UnitTestResult>
    <UnitTestResult executionId="8bb0e9e9-c0f5-4d1c-9c5a-01f4172f7553" testId="d7285096-9698-eead-77a0-51451a380bcf" testName="Test_Venda_de_77_99_retorna_comissao_de_3_89" computerName="CFC-WINDOWS" duration="00:00:00.0188335" startTime="2012-01-12T11:52:06.5407057-02:00" endTime="2012-01-12T11:52:06.5637070-02:00" testType="13cdc9d9-ddb5-4fa4-a97d-d965ccfc6d4b" outcome="Failed" testListId="8c84fa94-04c1-424b-9868-57a2d4851a1d" relativeResultsDirectory="8bb0e9e9-c0f5-4d1c-9c5a-01f4172f7553">
      <Output>
        <ErrorInfo>
          <Message>Assert.AreEqual failed. Expected:&lt;3,89&gt;. Actual:&lt;3,8995&gt;. </Message>
          <StackTrace>   em VendasUnitTest.CalculoComissaoTest.Test_Venda_de_77_99_retorna_comissao_de_3_89() na C:\Projects\Sistema-de-vendas\VendasUnitTest\CalculoComissaoTest.cs:linha 51
</StackTrace>
        </ErrorInfo>
      </Output>
    </UnitTestResult>
  </Results>
</TestRun>