<?xml version="1.0" encoding="UTF-8"?>
<TestRun id="6f86045b-fedb-4b17-a98e-652bae46cc2f" name="cfc@CFC-WINDOWS 2012-01-12 10:56:28" runUser="cfc-windows\cfc" xmlns="http://microsoft.com/schemas/VisualStudio/TeamTest/2010">
  <TestSettings name="Local" id="3b9a82e3-15c7-45ac-8b63-b7c16f2f4f55">
    <Description>These are default test settings for a local test run.</Description>
    <Deployment enabled="false" runDeploymentRoot="cfc_CFC-WINDOWS 2012-01-12 10_56_28">
      <DeploymentItem filename="C:\Projects\Sistema-de-vendas\Sistema-de-vendas\bin\Debug\Sistema-de-vendas.exe" />
    </Deployment>
    <Execution>
      <TestTypeSpecific />
      <AgentRule name="Execution Agents">
      </AgentRule>
    </Execution>
  </TestSettings>
  <Times creation="2012-01-12T10:56:28.9298052-02:00" queuing="2012-01-12T10:56:29.8598584-02:00" start="2012-01-12T10:56:30.0288681-02:00" finish="2012-01-12T10:56:31.0229249-02:00" />
  <ResultSummary outcome="Failed">
    <Counters total="1" executed="1" error="0" failed="1" timeout="0" aborted="0" inconclusive="0" passedButRunAborted="0" notRunnable="0" notExecuted="0" disconnected="0" warning="0" passed="0" completed="0" inProgress="0" pending="0" />
  </ResultSummary>
  <TestDefinitions>
    <UnitTest name="Test_Venda_de_1000_retorna_comissao_de_50" storage="c:\projects\sistema-de-vendas\vendasunittest\bin\debug\vendasunittest.dll" id="c79919c6-9868-1b25-3728-8a3df4942894">
      <Execution id="87759f3a-fdb8-4f18-befc-5b8c44cf0ae6" />
      <TestMethod codeBase="C:/Projects/Sistema-de-vendas/VendasUnitTest/bin/Debug/VendasUnitTest.DLL" adapterTypeName="Microsoft.VisualStudio.TestTools.TestTypes.Unit.UnitTestAdapter, Microsoft.VisualStudio.QualityTools.Tips.UnitTest.Adapter, Version=10.0.0.0, Culture=neutral, PublicKeyToken=b03f5f7f11d50a3a" className="VendasUnitTest.CalculoComissaoTest, VendasUnitTest, Version=1.0.0.0, Culture=neutral, PublicKeyToken=null" name="Test_Venda_de_1000_retorna_comissao_de_50" />
    </UnitTest>
  </TestDefinitions>
  <TestLists>
    <TestList name="Results Not in a List" id="8c84fa94-04c1-424b-9868-57a2d4851a1d" />
    <TestList name="All Loaded Results" id="19431567-8539-422a-85d7-44ee4e166bda" />
  </TestLists>
  <TestEntries>
    <TestEntry testId="c79919c6-9868-1b25-3728-8a3df4942894" executionId="87759f3a-fdb8-4f18-befc-5b8c44cf0ae6" testListId="8c84fa94-04c1-424b-9868-57a2d4851a1d" />
  </TestEntries>
  <Results>
    <UnitTestResult executionId="87759f3a-fdb8-4f18-befc-5b8c44cf0ae6" testId="c79919c6-9868-1b25-3728-8a3df4942894" testName="Test_Venda_de_1000_retorna_comissao_de_50" computerName="CFC-WINDOWS" duration="00:00:00.1412814" startTime="2012-01-12T10:56:30.0828712-02:00" endTime="2012-01-12T10:56:30.7329084-02:00" testType="13cdc9d9-ddb5-4fa4-a97d-d965ccfc6d4b" outcome="Failed" testListId="8c84fa94-04c1-424b-9868-57a2d4851a1d" relativeResultsDirectory="87759f3a-fdb8-4f18-befc-5b8c44cf0ae6">
      <Output>
        <ErrorInfo>
          <Message>Test method VendasUnitTest.CalculoComissaoTest.Test_Venda_de_1000_retorna_comissao_de_50 threw exception: 
System.NotImplementedException: O método ou a operação não está implementada.</Message>
          <StackTrace>    em Sistema.Vendas.CalculoComissao.calculaComissao(Double p) na C:\Projects\Sistema-de-vendas\Sistema-de-vendas\CalculoComissao.cs:linha 12
   em VendasUnitTest.CalculoComissaoTest.Test_Venda_de_1000_retorna_comissao_de_50() na C:\Projects\Sistema-de-vendas\VendasUnitTest\CalculoComissaoTest.cs:linha 19
</StackTrace>
        </ErrorInfo>
      </Output>
    </UnitTestResult>
  </Results>
</TestRun>